<?xml version="1.0" encoding="UTF-8"?>
<!-- Generated by org.testng.reporters.JUnitReportReporter -->
<testsuite skipped="0" hostname="DESKTOP-I64PMK4" name="test_file.TestClass" tests="6" failures="0" timestamp="30 авг 2020 12:44:31 GMT" time="11.415" errors="0">
  <testcase name="createNewUser" time="8.531" classname="test_file.TestClass"/>
  <testcase name="logInRegisteredUser" time="0.825" classname="test_file.TestClass"/>
  <testcase name="addContact" time="1.000" classname="test_file.TestClass"/>
  <testcase name="editContact" time="0.925" classname="test_file.TestClass"/>
  <testcase name="deleteContact" time="0.061" classname="test_file.TestClass"/>
  <testcase name="logout" time="0.073" classname="test_file.TestClass"/>
</testsuite> <!-- test_file.TestClass -->
