<?xml version="1.0" encoding="UTF-8"?>
<!-- Generated by org.testng.reporters.JUnitReportReporter -->
<testsuite skipped="0" hostname="DESKTOP-I64PMK4" name="test_file.TestClass" tests="6" failures="0" timestamp="28 авг 2020 05:23:41 GMT" time="10.197" errors="0">
  <testcase name="createNewUser" time="7.906" classname="test_file.TestClass"/>
  <testcase name="logInRegisteredUser" time="0.822" classname="test_file.TestClass"/>
  <testcase name="addContact" time="0.954" classname="test_file.TestClass"/>
  <testcase name="editContact" time="0.381" classname="test_file.TestClass"/>
  <testcase name="deleteContact" time="0.064" classname="test_file.TestClass"/>
  <testcase name="logout" time="0.070" classname="test_file.TestClass"/>
</testsuite> <!-- test_file.TestClass -->
